[2025-12-10 13:09:50] Daemon started (interval: 5s, auto-commit: false, auto-push: false)
[2025-12-10 13:09:50] Using database: /Users/carolinetaymor/workspace/mac-setup/.beads/beads.db
[2025-12-10 13:09:50] Database opened: /Users/carolinetaymor/workspace/mac-setup/.beads/beads.db
[2025-12-10 13:09:50] Upgrading .beads/.gitignore...
[2025-12-10 13:09:50] Warning: failed to upgrade .gitignore: open .beads/.gitignore: no such file or directory
[2025-12-10 13:09:50] Repository fingerprint validated: 467b7537
[2025-12-10 13:09:50] Starting RPC server: /Users/carolinetaymor/workspace/mac-setup/.beads/bd.sock
[2025-12-10 13:09:50] RPC server ready (socket listening)
[2025-12-10 13:09:50] Registered in global registry
[2025-12-10 13:09:50] Starting sync cycle...
[2025-12-10 13:09:50] Exported to JSONL
[2025-12-10 13:09:50] Sync branch pull failed: failed to create worktree: failed to checkout branch in worktree: exit status 128
Output: fatal: Unable to create '/Users/carolinetaymor/workspace/mac-setup/.git/beads-worktrees/beads-metadata/.git/index.lock': Not a directory

[2025-12-10 13:09:50] Monitoring parent process (PID 0)
[2025-12-10 13:09:50] Using event-driven mode
[2025-12-10 13:09:50] JSONL removed/renamed, re-establishing watch
[2025-12-10 13:09:50] Successfully re-established JSONL watch after 50ms
[2025-12-10 13:09:50] JSONL file created: /Users/carolinetaymor/workspace/mac-setup/.beads/issues.jsonl
[2025-12-10 13:09:51] Import triggered by file change
[2025-12-10 13:09:51] Starting auto-import...
[2025-12-10 13:09:51] Skipping auto-import: JSONL content unchanged
[2025-12-10 13:10:04] JSONL removed/renamed, re-establishing watch
[2025-12-10 13:10:04] Successfully re-established JSONL watch after 50ms
[2025-12-10 13:10:04] JSONL file created: /Users/carolinetaymor/workspace/mac-setup/.beads/issues.jsonl
[2025-12-10 13:10:05] Import triggered by file change
[2025-12-10 13:10:05] Starting auto-import...
[2025-12-10 13:10:05] Skipping auto-import: JSONL content unchanged
[2025-12-10 13:10:31] JSONL removed/renamed, re-establishing watch
[2025-12-10 13:10:31] JSONL still missing after 50ms, retrying...
[2025-12-10 13:10:31] JSONL still missing after 100ms, retrying...
[2025-12-10 13:10:31] JSONL still missing after 200ms, retrying...
[2025-12-10 13:10:31] JSONL still missing after 400ms, retrying...
[2025-12-10 13:10:31] Failed to re-establish JSONL watch after all retries
[2025-12-10 13:10:31] Git HEAD change detected: /Users/carolinetaymor/workspace/mac-setup/.git/HEAD
[2025-12-10 13:10:33] Import triggered by file change
[2025-12-10 13:10:33] Starting auto-import...
[2025-12-10 13:10:33] Skipping auto-import: JSONL content unchanged
[2025-12-10 13:11:02] JSONL file created: /Users/carolinetaymor/workspace/mac-setup/.beads/issues.jsonl
[2025-12-10 13:11:03] Import triggered by file change
[2025-12-10 13:11:03] Starting auto-import...
[2025-12-10 13:11:03] Skipping auto-import: JSONL content unchanged
[2025-12-10 13:11:07] Git HEAD change detected: /Users/carolinetaymor/workspace/mac-setup/.git/HEAD
[2025-12-10 13:11:08] Import triggered by file change
[2025-12-10 13:11:08] Starting auto-import...
[2025-12-10 13:11:08] Skipping auto-import: JSONL content unchanged
[2025-12-10 13:11:16] Git HEAD change detected: /Users/carolinetaymor/workspace/mac-setup/.git/HEAD
[2025-12-10 13:11:16] Git HEAD change detected: /Users/carolinetaymor/workspace/mac-setup/.git/HEAD
[2025-12-10 13:11:16] Git HEAD change detected: /Users/carolinetaymor/workspace/mac-setup/.git/HEAD
[2025-12-10 13:11:16] Git HEAD change detected: /Users/carolinetaymor/workspace/mac-setup/.git/HEAD
[2025-12-10 13:11:17] Import triggered by file change
[2025-12-10 13:11:17] Starting auto-import...
[2025-12-10 13:11:17] Skipping auto-import: JSONL content unchanged
[2025-12-22 14:15:06] JSONL removed/renamed, re-establishing watch
[2025-12-22 14:15:06] Successfully re-established JSONL watch after 50ms
[2025-12-22 14:15:06] JSONL file created: /Users/carolinetaymor/workspace/mac-setup/.beads/issues.jsonl
[2025-12-22 14:15:07] Import triggered by file change
[2025-12-22 14:15:07] Starting auto-import...
[2025-12-22 14:15:07] Skipping auto-import: JSONL content unchanged
[2025-12-22 14:37:04] JSONL removed/renamed, re-establishing watch
[2025-12-22 14:37:04] JSONL still missing after 50ms, retrying...
[2025-12-22 14:37:04] JSONL still missing after 100ms, retrying...
[2025-12-22 14:37:04] JSONL still missing after 200ms, retrying...
[2025-12-22 14:37:05] JSONL still missing after 400ms, retrying...
[2025-12-22 14:37:05] Failed to re-establish JSONL watch after all retries
[2025-12-22 14:37:05] Git HEAD change detected: /Users/carolinetaymor/workspace/mac-setup/.git/HEAD
[2025-12-22 14:37:06] Import triggered by file change
[2025-12-22 14:37:06] Starting auto-import...
[2025-12-22 14:37:06] Skipping auto-import: JSONL content unchanged
[2025-12-22 14:37:22] Git HEAD change detected: /Users/carolinetaymor/workspace/mac-setup/.git/HEAD
[2025-12-22 14:37:23] Import triggered by file change
[2025-12-22 14:37:23] Starting auto-import...
[2025-12-22 14:37:23] Skipping auto-import: JSONL content unchanged
[2025-12-22 15:15:16] JSONL file created: /Users/carolinetaymor/workspace/mac-setup/.beads/issues.jsonl
[2025-12-22 15:15:17] Import triggered by file change
[2025-12-22 15:15:17] Starting auto-import...
[2025-12-22 15:15:17] Skipping auto-import: JSONL content unchanged
